<?xml version="1.0" encoding="UTF-8"?>
<testsuite name="Cucumber" time="5.792" tests="2" skipped="0" failures="0" errors="0">
<testcase classname="Feature to test search" name="Validate search is working" time="5.526">
<system-out><![CDATA[
Given browser is open.......................................................passed
And user is on google search page...........................................passed
When user enters a text.....................................................passed
And hits enter..............................................................passed
Then user gets the result...................................................passed
]]></system-out>
</testcase>
<testcase classname="feature to test login" name="to check login with valid credential" time="0.009">
<system-out><![CDATA[
Given user is on login page.................................................passed
When user enters username and password......................................passed
And clicks on login button..................................................passed
Then user is navigated to home page.........................................passed
]]></system-out>
</testcase>
</testsuite>
